{"level":"error","message":"Cannot update stats. No student was found with the id of 001","service":"user-service"}
{"level":"error","message":"This is an error message.","service":"user-service"}
{"level":"error","message":"This is an error message.","service":"user-service"}
{"level":"error","message":"This is an error message.","service":"user-service"}
{"level":"error","message":"This is an error message.","service":"user-service"}
{"level":"error","message":"This is an error message.","service":"user-service"}
{"level":"error","message":"This is an error message.","service":"user-service"}
{"level":"error","message":"This is an error message.","service":"user-service"}
{"level":"error","message":"This is an error message.","service":"user-service"}
{"level":"error","message":"This is an error message.","service":"user-service"}
{"level":"error","message":"This is an error message.","service":"user-service"}
{"level":"error","message":"This is an error message.","service":"user-service"}
{"level":"error","message":"This is an error message.","service":"user-service"}
{"level":"error","message":"This is an error message.","service":"user-service"}
{"level":"error","message":"This is an error message.","service":"user-service"}
{"level":"error","message":"This is an error message.","service":"user-service"}
{"level":"error","message":"This is an error message.","service":"user-service"}
{"level":"error","message":"This is an error message.","service":"user-service"}
{"level":"error","message":"This is an error message.","service":"user-service"}
{"level":"error","message":"This is an error message.","service":"user-service"}
{"level":"error","message":"This is an error message.","service":"user-service"}
{"level":"error","message":"This is an error message.","service":"user-service"}
{"level":"error","message":"This is an error message.","service":"user-service"}
{"level":"error","message":"This is an error message.","service":"user-service"}
{"level":"error","message":"This is an error message.","service":"user-service"}
{"level":"error","message":"This is an error message.","service":"user-service"}
{"level":"error","message":"This is an error message.","service":"user-service"}
{"level":"error","message":"This is an error message.","service":"user-service"}
{"level":"error","message":"This is an error message.","service":"user-service"}
{"level":"error","message":"This is an error message.","service":"user-service"}
{"level":"error","message":"This is an error message.","service":"user-service"}
{"level":"error","message":"This is an error message.","service":"user-service"}
{"level":"error","message":"This is an error message.","service":"user-service"}
{"level":"error","message":"This is an error message.","service":"user-service"}
{"level":"error","message":"This is an error message.","service":"user-service"}
{"level":"error","message":"This is an error message.","service":"user-service"}
{"level":"error","message":"This is an error message.","service":"user-service"}
{"level":"error","message":"This is an error message.","service":"user-service"}
{"level":"error","message":"This is an error message.","service":"user-service"}
{"level":"error","message":"This is an error message.","service":"user-service"}
{"level":"error","message":"This is an error message.","service":"user-service"}
{"level":"error","message":"This is an error message.","service":"user-service"}
{"level":"error","message":"This is an error message.","service":"user-service"}
{"level":"error","message":"This is an error message.","service":"user-service"}
{"level":"error","message":"This is an error message.","service":"user-service"}
{"level":"error","message":"This is an error message.","service":"user-service"}
{"level":"error","message":"This is an error message.","service":"user-service"}
{"level":"error","message":"This is an error message.","service":"user-service"}
{"level":"error","message":"This is an error message.","service":"user-service"}
{"level":"error","message":"This is an error message.","service":"user-service"}
{"level":"error","message":"This is an error message.","service":"user-service"}
{"level":"error","message":"This is an error message.","service":"user-service"}
{"level":"error","message":"This is an error message.","service":"user-service"}
{"level":"error","message":"This is an error message.","service":"user-service"}
{"level":"error","message":"This is an error message.","service":"user-service"}
{"level":"error","message":"This is an error message.","service":"user-service"}
{"level":"error","message":"This is an error message.","service":"user-service"}
{"level":"error","message":"This is an error message.","service":"user-service"}
{"level":"error","message":"This is an error message.","service":"user-service"}
{"level":"error","message":"This is an error message.","service":"user-service"}
{"level":"error","message":"This is an error message.","service":"user-service"}
{"level":"error","message":"This is an error message.","service":"user-service"}
{"level":"error","message":"This is an error message.","service":"user-service"}
{"level":"error","message":"This is an error message.","service":"user-service"}
{"level":"error","message":"This is an error message.","service":"user-service"}
{"level":"error","message":"This is an error message.","service":"user-service"}
{"level":"error","message":"This is an error message.","service":"user-service"}
{"level":"error","message":"This is an error message.","service":"user-service"}
{"level":"error","message":"This is an error message.","service":"user-service"}
{"level":"error","message":"This is an error message.","service":"user-service"}
{"level":"error","message":"This is an error message.","service":"user-service"}
{"level":"error","message":"This is an error message.","service":"user-service"}
{"level":"error","message":"This is an error message.","service":"user-service"}
{"level":"error","message":"This is an error message.","service":"user-service"}
{"level":"error","message":"This is an error message.","service":"user-service"}
{"level":"error","message":"This is an error message.","service":"user-service"}
{"level":"error","message":"This is an error message.","service":"user-service"}
{"level":"error","message":"This is an error message.","service":"user-service"}
{"level":"error","message":"This is an error message.","service":"user-service"}
{"level":"error","message":"This is an error message.","service":"user-service"}
{"level":"error","message":"This is an error message.","service":"user-service"}
{"level":"error","message":"This is an error message.","service":"user-service"}
{"level":"error","message":"This is an error message.","service":"user-service"}
{"level":"error","message":"This is an error message.","service":"user-service"}
{"level":"error","message":"This is an error message.","service":"user-service"}
{"level":"error","message":"This is an error message.","service":"user-service"}
{"level":"error","message":"This is an error message.","service":"user-service"}
{"level":"error","message":"This is an error message.","service":"user-service"}
{"level":"error","message":"This is an error message.","service":"user-service"}
{"level":"error","message":{"body":{},"level":"error","method":"DELETE","params":{"id":"868"},"timestamp":"8/23/2023, 2:35:07 PM","url":"/delete/868"},"service":"user-service"}
{"level":"error","message":"This is an error message.","service":"user-service"}
{"level":"error","message":"This is an error message.","service":"user-service"}
{"level":"error","message":"This is an error message.","service":"user-service"}
{"level":"error","message":"This is an error message.","service":"user-service"}
{"level":"error","message":"This is an error message.","service":"user-service"}
{"level":"error","message":"This is an error message.","service":"user-service"}
{"level":"error","message":"This is an error message.","service":"user-service"}
{"level":"error","message":"This is an error message.","service":"user-service"}
{"level":"error","message":"This is an error message.","service":"user-service"}
{"level":"error","message":"This is an error message.","service":"user-service"}
{"level":"error","message":"This is an error message.","service":"user-service"}
{"level":"error","message":"This is an error message.","service":"user-service"}
{"level":"error","message":"This is an error message.","service":"user-service"}
{"level":"error","message":"This is an error message.","service":"user-service"}
{"level":"error","message":"This is an error message.","service":"user-service"}
{"level":"error","message":"This is an error message.","service":"user-service"}
{"level":"error","message":"This is an error message.","service":"user-service"}
{"level":"error","message":"This is an error message.","service":"user-service"}
{"level":"error","message":"This is an error message.","service":"user-service"}
{"level":"error","message":"This is an error message.","service":"user-service"}
{"level":"error","message":"This is an error message.","service":"user-service"}
{"level":"error","message":"This is an error message.","service":"user-service"}
{"level":"error","message":"This is an error message.","service":"user-service"}
{"level":"error","message":"This is an error message.","service":"user-service"}
{"level":"error","message":"This is an error message.","service":"user-service"}
{"level":"error","message":"This is an error message.","service":"user-service"}
{"level":"error","message":"This is an error message.","service":"user-service"}
{"level":"error","message":"This is an error message.","service":"user-service"}
{"level":"error","message":"This is an error message.","service":"user-service"}
{"level":"error","message":"This is an error message.","service":"user-service"}
{"level":"error","message":"This is an error message.","service":"user-service"}
{"level":"error","message":{"body":{"average":100,"firstName":"john","grades":[100,100,100],"lastName":"dunk","letterGrade":"A","year":"freshman"},"level":"error","method":"POST","params":{},"timestamp":"8/23/2023, 3:02:08 PM","url":"/update"},"service":"user-service"}
{"level":"error","message":"This is an error message.","service":"user-service"}
{"level":"error","message":"This is an error message.","service":"user-service"}
{"level":"error","message":"This is an error message.","service":"user-service"}
{"level":"error","message":{"body":{"average":100,"firstName":"john","grades":[100,100,100],"lastName":"dunk","letterGrade":"A","year":"freshman"},"level":"error","method":"POST","params":{},"timestamp":"8/23/2023, 3:06:02 PM","url":"/update"},"service":"user-service"}
{"level":"error","message":"This is an error message.","service":"user-service"}
{"level":"error","message":{"body":{"average":100,"firstName":"john","grades":[100,100,100],"lastName":"dunk","letterGrade":"A","year":"freshman"},"level":"error","method":"POST","params":{},"timestamp":"8/23/2023, 3:06:37 PM","url":"/update"},"service":"user-service"}
{"level":"error","message":"This is an error message.","service":"user-service"}
{"level":"error","message":{"body":{"average":100,"firstName":"john","grades":[100,100,100],"lastName":"dunk","letterGrade":"A","year":"freshman"},"level":"error","method":"POST","params":{},"timestamp":"8/23/2023, 3:13:00 PM","url":"/update"},"service":"user-service"}
{"level":"error","message":{"body":{"average":100,"firstName":100,"grades":[100,100,100],"lastName":"dunk","letterGrade":"A","year":"freshman"},"level":"error","method":"POST","params":{},"timestamp":"8/23/2023, 3:14:41 PM","url":"/update"},"service":"user-service"}
{"level":"error","message":{"body":{"average":"low","firstName":100,"grades":[100,100,100],"lastName":100000,"letterGrade":"A","year":"freshman"},"level":"error","method":"POST","params":{},"timestamp":"8/23/2023, 3:16:09 PM","url":"/update"},"service":"user-service"}
{"level":"error","message":{"body":{"average":"low","firstName":100,"grades":[100,100,100],"lastName":100000,"letterGrade":"A","year":"detonate bomb"},"level":"error","method":"POST","params":{},"timestamp":"8/23/2023, 3:16:49 PM","url":"/update"},"service":"user-service"}
{"level":"error","message":{"body":{"average":"low","firstName":100,"grades":[100,100,100],"lastName":100000,"letterGrade":1e+40,"year":"detonate bomb"},"level":"error","method":"POST","params":{},"timestamp":"8/23/2023, 3:17:19 PM","url":"/update"},"service":"user-service"}
{"body":{},"level":"error","message":"Cannot update stats. No student was found with the id ","method":"PUT","params":{"id":"1"},"service":"user-service","timestamp":"8/23/2023, 3:23:25 PM","url":"/1"}
{"level":"error","message":"This is an error message.","service":"user-service"}
